2019-07-09 21:28:10 | [34mINFO [0;39m | [1;33mmain[0;39m | [1;32mcom.jingchen.springboot.springbootstart.Application[0;39m | Starting Application on IT74-D-V74570C1 with PID 20536 (D:\project\og\springboot1\springboot-start\target\classes started by jingchen.lhy in D:\project\og\springboot1\springboot-start)
2019-07-09 21:28:10 | [34mINFO [0;39m | [1;33mmain[0;39m | [1;32mcom.jingchen.springboot.springbootstart.Application[0;39m | The following profiles are active: dev
2019-07-09 21:28:10 | [34mINFO [0;39m | [1;33mbackground-preinit[0;39m | [1;32morg.hibernate.validator.internal.util.Version[0;39m | HV000001: Hibernate Validator 5.3.6.Final
2019-07-09 21:28:10 | [34mINFO [0;39m | [1;33mmain[0;39m | [1;32morg.springframework.boot.context.embedded.AnnotationConfigEmbeddedWebApplicationContext[0;39m | Refreshing org.springframework.boot.context.embedded.AnnotationConfigEmbeddedWebApplicationContext@6dbb137d: startup date [Tue Jul 09 21:28:10 CST 2019]; root of context hierarchy
2019-07-09 21:28:11 | [34mINFO [0;39m | [1;33mmain[0;39m | [1;32morg.springframework.boot.context.embedded.tomcat.TomcatEmbeddedServletContainer[0;39m | Tomcat initialized with port(s): 9090 (http)
2019-07-09 21:28:11 | [34mINFO [0;39m | [1;33mmain[0;39m | [1;32morg.apache.coyote.http11.Http11NioProtocol[0;39m | Initializing ProtocolHandler ["http-nio-9090"]
2019-07-09 21:28:11 | [34mINFO [0;39m | [1;33mmain[0;39m | [1;32morg.apache.catalina.core.StandardService[0;39m | Starting service [Tomcat]
2019-07-09 21:28:11 | [34mINFO [0;39m | [1;33mmain[0;39m | [1;32morg.apache.catalina.core.StandardEngine[0;39m | Starting Servlet Engine: Apache Tomcat/8.5.40
2019-07-09 21:28:12 | [34mINFO [0;39m | [1;33mlocalhost-startStop-1[0;39m | [1;32morg.apache.catalina.core.ContainerBase.[Tomcat].[localhost].[/][0;39m | Initializing Spring embedded WebApplicationContext
2019-07-09 21:28:12 | [34mINFO [0;39m | [1;33mlocalhost-startStop-1[0;39m | [1;32morg.springframework.web.context.ContextLoader[0;39m | Root WebApplicationContext: initialization completed in 1450 ms
2019-07-09 21:28:12 | [34mINFO [0;39m | [1;33mlocalhost-startStop-1[0;39m | [1;32morg.springframework.boot.web.servlet.ServletRegistrationBean[0;39m | Mapping servlet: 'dispatcherServlet' to [/]
2019-07-09 21:28:12 | [34mINFO [0;39m | [1;33mlocalhost-startStop-1[0;39m | [1;32morg.springframework.boot.web.servlet.FilterRegistrationBean[0;39m | Mapping filter: 'characterEncodingFilter' to: [/*]
2019-07-09 21:28:12 | [34mINFO [0;39m | [1;33mlocalhost-startStop-1[0;39m | [1;32morg.springframework.boot.web.servlet.FilterRegistrationBean[0;39m | Mapping filter: 'hiddenHttpMethodFilter' to: [/*]
2019-07-09 21:28:12 | [34mINFO [0;39m | [1;33mlocalhost-startStop-1[0;39m | [1;32morg.springframework.boot.web.servlet.FilterRegistrationBean[0;39m | Mapping filter: 'httpPutFormContentFilter' to: [/*]
2019-07-09 21:28:12 | [34mINFO [0;39m | [1;33mlocalhost-startStop-1[0;39m | [1;32morg.springframework.boot.web.servlet.FilterRegistrationBean[0;39m | Mapping filter: 'requestContextFilter' to: [/*]
2019-07-09 21:28:12 | [34mINFO [0;39m | [1;33mmain[0;39m | [1;32morg.springframework.web.servlet.mvc.method.annotation.RequestMappingHandlerAdapter[0;39m | Looking for @ControllerAdvice: org.springframework.boot.context.embedded.AnnotationConfigEmbeddedWebApplicationContext@6dbb137d: startup date [Tue Jul 09 21:28:10 CST 2019]; root of context hierarchy
2019-07-09 21:28:12 | [34mINFO [0;39m | [1;33mmain[0;39m | [1;32morg.springframework.web.servlet.mvc.method.annotation.RequestMappingHandlerMapping[0;39m | Mapped "{[/]}" onto public java.lang.String com.jingchen.springboot.springbootstart.controller.HelloController.index(org.springframework.web.servlet.ModelAndView)
2019-07-09 21:28:12 | [34mINFO [0;39m | [1;33mmain[0;39m | [1;32morg.springframework.web.servlet.mvc.method.annotation.RequestMappingHandlerMapping[0;39m | Mapped "{[/tryException]}" onto public java.lang.String com.jingchen.springboot.springbootstart.controller.HelloController.tryException() throws java.lang.Exception
2019-07-09 21:28:12 | [34mINFO [0;39m | [1;33mmain[0;39m | [1;32morg.springframework.web.servlet.mvc.method.annotation.RequestMappingHandlerMapping[0;39m | Mapped "{[/hello]}" onto public com.jingchen.springboot.springbootstart.controller.HelloController$Greeting com.jingchen.springboot.springbootstart.controller.HelloController.sayHello(java.lang.String)
2019-07-09 21:28:12 | [34mINFO [0;39m | [1;33mmain[0;39m | [1;32morg.springframework.web.servlet.mvc.method.annotation.RequestMappingHandlerMapping[0;39m | Mapped "{[/somepage]}" onto public java.lang.String com.jingchen.springboot.springbootstart.controller.HelloController.getSomePage(org.springframework.web.servlet.ModelAndView)
2019-07-09 21:28:12 | [34mINFO [0;39m | [1;33mmain[0;39m | [1;32morg.springframework.web.servlet.mvc.method.annotation.RequestMappingHandlerMapping[0;39m | Mapped "{[/user/add]}" onto public com.jingchen.springboot.springbootstart.common.ServerResponse com.jingchen.springboot.springbootstart.controller.UserController.addUser(com.jingchen.springboot.springbootstart.dataobject.User) throws java.lang.Exception
2019-07-09 21:28:12 | [34mINFO [0;39m | [1;33mmain[0;39m | [1;32morg.springframework.web.servlet.mvc.method.annotation.RequestMappingHandlerMapping[0;39m | Mapped "{[/error]}" onto public org.springframework.http.ResponseEntity<java.util.Map<java.lang.String, java.lang.Object>> org.springframework.boot.autoconfigure.web.BasicErrorController.error(javax.servlet.http.HttpServletRequest)
2019-07-09 21:28:12 | [34mINFO [0;39m | [1;33mmain[0;39m | [1;32morg.springframework.web.servlet.mvc.method.annotation.RequestMappingHandlerMapping[0;39m | Mapped "{[/error],produces=[text/html]}" onto public org.springframework.web.servlet.ModelAndView org.springframework.boot.autoconfigure.web.BasicErrorController.errorHtml(javax.servlet.http.HttpServletRequest,javax.servlet.http.HttpServletResponse)
2019-07-09 21:28:12 | [34mINFO [0;39m | [1;33mmain[0;39m | [1;32morg.springframework.web.servlet.handler.SimpleUrlHandlerMapping[0;39m | Mapped URL path [/webjars/**] onto handler of type [class org.springframework.web.servlet.resource.ResourceHttpRequestHandler]
2019-07-09 21:28:12 | [34mINFO [0;39m | [1;33mmain[0;39m | [1;32morg.springframework.web.servlet.handler.SimpleUrlHandlerMapping[0;39m | Mapped URL path [/**] onto handler of type [class org.springframework.web.servlet.resource.ResourceHttpRequestHandler]
2019-07-09 21:28:12 | [34mINFO [0;39m | [1;33mmain[0;39m | [1;32morg.springframework.web.servlet.mvc.method.annotation.ExceptionHandlerExceptionResolver[0;39m | Detected @ExceptionHandler methods in globalExceptionHandler
2019-07-09 21:28:12 | [34mINFO [0;39m | [1;33mmain[0;39m | [1;32morg.springframework.web.servlet.handler.SimpleUrlHandlerMapping[0;39m | Mapped URL path [/**/favicon.ico] onto handler of type [class org.springframework.web.servlet.resource.ResourceHttpRequestHandler]
2019-07-09 21:28:13 | [34mINFO [0;39m | [1;33mmain[0;39m | [1;32morg.springframework.jmx.export.annotation.AnnotationMBeanExporter[0;39m | Registering beans for JMX exposure on startup
2019-07-09 21:28:13 | [34mINFO [0;39m | [1;33mmain[0;39m | [1;32morg.apache.coyote.http11.Http11NioProtocol[0;39m | Starting ProtocolHandler ["http-nio-9090"]
2019-07-09 21:28:13 | [34mINFO [0;39m | [1;33mmain[0;39m | [1;32morg.apache.tomcat.util.net.NioSelectorPool[0;39m | Using a shared selector for servlet write/read
2019-07-09 21:28:13 | [34mINFO [0;39m | [1;33mmain[0;39m | [1;32morg.springframework.boot.context.embedded.tomcat.TomcatEmbeddedServletContainer[0;39m | Tomcat started on port(s): 9090 (http)
2019-07-09 21:28:13 | [34mINFO [0;39m | [1;33mmain[0;39m | [1;32mcom.jingchen.springboot.springbootstart.Application[0;39m | Started Application in 3.21 seconds (JVM running for 4.172)
2019-07-09 21:30:15 | [34mINFO [0;39m | [1;33mhttp-nio-9090-exec-1[0;39m | [1;32morg.apache.catalina.core.ContainerBase.[Tomcat].[localhost].[/][0;39m | Initializing Spring FrameworkServlet 'dispatcherServlet'
2019-07-09 21:30:15 | [34mINFO [0;39m | [1;33mhttp-nio-9090-exec-1[0;39m | [1;32morg.springframework.web.servlet.DispatcherServlet[0;39m | FrameworkServlet 'dispatcherServlet': initialization started
2019-07-09 21:30:15 | [34mINFO [0;39m | [1;33mhttp-nio-9090-exec-1[0;39m | [1;32morg.springframework.web.servlet.DispatcherServlet[0;39m | FrameworkServlet 'dispatcherServlet': initialization completed in 50 ms
2019-07-09 21:30:15 | [34mINFO [0;39m | [1;33mhttp-nio-9090-exec-1[0;39m | [1;32mcom.jingchen.springboot.springbootstart.controller.HelloController[0;39m | host=jingchen's boot demo, sayhello to Greeting{id=1, name='stranger', age=null}
2019-07-09 21:30:23 | [34mINFO [0;39m | [1;33mhttp-nio-9090-exec-3[0;39m | [1;32morg.thymeleaf.TemplateEngine[0;39m | [THYMELEAF] INITIALIZING TEMPLATE ENGINE
2019-07-09 21:30:23 | [34mINFO [0;39m | [1;33mhttp-nio-9090-exec-3[0;39m | [1;32morg.thymeleaf.templateresolver.AbstractTemplateResolver[0;39m | [THYMELEAF] INITIALIZING TEMPLATE RESOLVER: org.thymeleaf.spring4.templateresolver.SpringResourceTemplateResolver
2019-07-09 21:30:23 | [34mINFO [0;39m | [1;33mhttp-nio-9090-exec-3[0;39m | [1;32morg.thymeleaf.templateresolver.AbstractTemplateResolver[0;39m | [THYMELEAF] TEMPLATE RESOLVER INITIALIZED OK
2019-07-09 21:30:23 | [34mINFO [0;39m | [1;33mhttp-nio-9090-exec-3[0;39m | [1;32morg.thymeleaf.messageresolver.AbstractMessageResolver[0;39m | [THYMELEAF] INITIALIZING MESSAGE RESOLVER: org.thymeleaf.spring4.messageresolver.SpringMessageResolver
2019-07-09 21:30:23 | [34mINFO [0;39m | [1;33mhttp-nio-9090-exec-3[0;39m | [1;32morg.thymeleaf.messageresolver.AbstractMessageResolver[0;39m | [THYMELEAF] MESSAGE RESOLVER INITIALIZED OK
2019-07-09 21:30:24 | [34mINFO [0;39m | [1;33mhttp-nio-9090-exec-3[0;39m | [1;32morg.thymeleaf.TemplateEngine.CONFIG[0;39m | [THYMELEAF] TEMPLATE ENGINE CONFIGURATION:
[THYMELEAF] * Cache Factory implementation: org.thymeleaf.cache.StandardCacheManager
[THYMELEAF] * Template modes:
[THYMELEAF]     * XHTML
[THYMELEAF]     * VALIDXML
[THYMELEAF]     * VALIDXHTML
[THYMELEAF]     * LEGACYHTML5
[THYMELEAF]     * XML
[THYMELEAF]     * HTML5
[THYMELEAF] * Template resolvers (in order):
[THYMELEAF]     * org.thymeleaf.spring4.templateresolver.SpringResourceTemplateResolver
[THYMELEAF] * Message resolvers (in order):
[THYMELEAF]     * org.thymeleaf.spring4.messageresolver.SpringMessageResolver
[THYMELEAF] * Dialect [1 of 2]: org.thymeleaf.spring4.dialect.SpringStandardDialect
[THYMELEAF]     * Prefix: "th"
[THYMELEAF] * Dialect [2 of 2]: nz.net.ultraq.thymeleaf.LayoutDialect
[THYMELEAF]     * Prefix: "layout"
[THYMELEAF] TEMPLATE ENGINE CONFIGURED OK
2019-07-09 21:30:24 | [34mINFO [0;39m | [1;33mhttp-nio-9090-exec-3[0;39m | [1;32morg.thymeleaf.TemplateEngine[0;39m | [THYMELEAF] TEMPLATE ENGINE INITIALIZED
2019-07-09 21:33:44 | [34mINFO [0;39m | [1;33mmain[0;39m | [1;32mcom.jingchen.springboot.springbootstart.Application[0;39m | Starting Application on IT74-D-V74570C1 with PID 18028 (D:\project\og\springboot1\springboot-start\target\classes started by jingchen.lhy in D:\project\og\springboot1\springboot-start)
2019-07-09 21:33:44 | [34mINFO [0;39m | [1;33mmain[0;39m | [1;32mcom.jingchen.springboot.springbootstart.Application[0;39m | The following profiles are active: dev
2019-07-09 21:33:44 | [34mINFO [0;39m | [1;33mbackground-preinit[0;39m | [1;32morg.hibernate.validator.internal.util.Version[0;39m | HV000001: Hibernate Validator 5.3.6.Final
2019-07-09 21:33:45 | [34mINFO [0;39m | [1;33mmain[0;39m | [1;32morg.springframework.boot.context.embedded.AnnotationConfigEmbeddedWebApplicationContext[0;39m | Refreshing org.springframework.boot.context.embedded.AnnotationConfigEmbeddedWebApplicationContext@12b0404f: startup date [Tue Jul 09 21:33:45 CST 2019]; root of context hierarchy
2019-07-09 21:33:46 | [34mINFO [0;39m | [1;33mmain[0;39m | [1;32morg.springframework.boot.context.embedded.tomcat.TomcatEmbeddedServletContainer[0;39m | Tomcat initialized with port(s): 9090 (http)
2019-07-09 21:33:46 | [34mINFO [0;39m | [1;33mmain[0;39m | [1;32morg.apache.coyote.http11.Http11NioProtocol[0;39m | Initializing ProtocolHandler ["http-nio-9090"]
2019-07-09 21:33:46 | [34mINFO [0;39m | [1;33mmain[0;39m | [1;32morg.apache.catalina.core.StandardService[0;39m | Starting service [Tomcat]
2019-07-09 21:33:46 | [34mINFO [0;39m | [1;33mmain[0;39m | [1;32morg.apache.catalina.core.StandardEngine[0;39m | Starting Servlet Engine: Apache Tomcat/8.5.40
2019-07-09 21:33:46 | [34mINFO [0;39m | [1;33mlocalhost-startStop-1[0;39m | [1;32morg.apache.catalina.core.ContainerBase.[Tomcat].[localhost].[/][0;39m | Initializing Spring embedded WebApplicationContext
2019-07-09 21:33:46 | [34mINFO [0;39m | [1;33mlocalhost-startStop-1[0;39m | [1;32morg.springframework.web.context.ContextLoader[0;39m | Root WebApplicationContext: initialization completed in 1286 ms
2019-07-09 21:33:46 | [34mINFO [0;39m | [1;33mlocalhost-startStop-1[0;39m | [1;32morg.springframework.boot.web.servlet.ServletRegistrationBean[0;39m | Mapping servlet: 'dispatcherServlet' to [/]
2019-07-09 21:33:46 | [34mINFO [0;39m | [1;33mlocalhost-startStop-1[0;39m | [1;32morg.springframework.boot.web.servlet.FilterRegistrationBean[0;39m | Mapping filter: 'characterEncodingFilter' to: [/*]
2019-07-09 21:33:46 | [34mINFO [0;39m | [1;33mlocalhost-startStop-1[0;39m | [1;32morg.springframework.boot.web.servlet.FilterRegistrationBean[0;39m | Mapping filter: 'hiddenHttpMethodFilter' to: [/*]
2019-07-09 21:33:46 | [34mINFO [0;39m | [1;33mlocalhost-startStop-1[0;39m | [1;32morg.springframework.boot.web.servlet.FilterRegistrationBean[0;39m | Mapping filter: 'httpPutFormContentFilter' to: [/*]
2019-07-09 21:33:46 | [34mINFO [0;39m | [1;33mlocalhost-startStop-1[0;39m | [1;32morg.springframework.boot.web.servlet.FilterRegistrationBean[0;39m | Mapping filter: 'requestContextFilter' to: [/*]
2019-07-09 21:33:47 | [34mINFO [0;39m | [1;33mmain[0;39m | [1;32morg.springframework.web.servlet.mvc.method.annotation.RequestMappingHandlerAdapter[0;39m | Looking for @ControllerAdvice: org.springframework.boot.context.embedded.AnnotationConfigEmbeddedWebApplicationContext@12b0404f: startup date [Tue Jul 09 21:33:45 CST 2019]; root of context hierarchy
2019-07-09 21:33:47 | [34mINFO [0;39m | [1;33mmain[0;39m | [1;32morg.springframework.web.servlet.mvc.method.annotation.RequestMappingHandlerMapping[0;39m | Mapped "{[/]}" onto public java.lang.String com.jingchen.springboot.springbootstart.controller.HelloController.index(org.springframework.web.servlet.ModelAndView)
2019-07-09 21:33:47 | [34mINFO [0;39m | [1;33mmain[0;39m | [1;32morg.springframework.web.servlet.mvc.method.annotation.RequestMappingHandlerMapping[0;39m | Mapped "{[/hello]}" onto public com.jingchen.springboot.springbootstart.controller.HelloController$Greeting com.jingchen.springboot.springbootstart.controller.HelloController.sayHello(java.lang.String)
2019-07-09 21:33:47 | [34mINFO [0;39m | [1;33mmain[0;39m | [1;32morg.springframework.web.servlet.mvc.method.annotation.RequestMappingHandlerMapping[0;39m | Mapped "{[/tryException]}" onto public java.lang.String com.jingchen.springboot.springbootstart.controller.HelloController.tryException() throws java.lang.Exception
2019-07-09 21:33:47 | [34mINFO [0;39m | [1;33mmain[0;39m | [1;32morg.springframework.web.servlet.mvc.method.annotation.RequestMappingHandlerMapping[0;39m | Mapped "{[/somepage]}" onto public java.lang.String com.jingchen.springboot.springbootstart.controller.HelloController.getSomePage(org.springframework.web.servlet.ModelAndView)
2019-07-09 21:33:47 | [34mINFO [0;39m | [1;33mmain[0;39m | [1;32morg.springframework.web.servlet.mvc.method.annotation.RequestMappingHandlerMapping[0;39m | Mapped "{[/user/add]}" onto public com.jingchen.springboot.springbootstart.common.ServerResponse com.jingchen.springboot.springbootstart.controller.UserController.addUser(com.jingchen.springboot.springbootstart.dataobject.User) throws java.lang.Exception
2019-07-09 21:33:47 | [34mINFO [0;39m | [1;33mmain[0;39m | [1;32morg.springframework.web.servlet.mvc.method.annotation.RequestMappingHandlerMapping[0;39m | Mapped "{[/error]}" onto public org.springframework.http.ResponseEntity<java.util.Map<java.lang.String, java.lang.Object>> org.springframework.boot.autoconfigure.web.BasicErrorController.error(javax.servlet.http.HttpServletRequest)
2019-07-09 21:33:47 | [34mINFO [0;39m | [1;33mmain[0;39m | [1;32morg.springframework.web.servlet.mvc.method.annotation.RequestMappingHandlerMapping[0;39m | Mapped "{[/error],produces=[text/html]}" onto public org.springframework.web.servlet.ModelAndView org.springframework.boot.autoconfigure.web.BasicErrorController.errorHtml(javax.servlet.http.HttpServletRequest,javax.servlet.http.HttpServletResponse)
2019-07-09 21:33:47 | [34mINFO [0;39m | [1;33mmain[0;39m | [1;32morg.springframework.web.servlet.handler.SimpleUrlHandlerMapping[0;39m | Mapped URL path [/webjars/**] onto handler of type [class org.springframework.web.servlet.resource.ResourceHttpRequestHandler]
2019-07-09 21:33:47 | [34mINFO [0;39m | [1;33mmain[0;39m | [1;32morg.springframework.web.servlet.handler.SimpleUrlHandlerMapping[0;39m | Mapped URL path [/**] onto handler of type [class org.springframework.web.servlet.resource.ResourceHttpRequestHandler]
2019-07-09 21:33:47 | [34mINFO [0;39m | [1;33mmain[0;39m | [1;32morg.springframework.web.servlet.mvc.method.annotation.ExceptionHandlerExceptionResolver[0;39m | Detected @ExceptionHandler methods in globalExceptionHandler
2019-07-09 21:33:47 | [34mINFO [0;39m | [1;33mmain[0;39m | [1;32morg.springframework.web.servlet.handler.SimpleUrlHandlerMapping[0;39m | Mapped URL path [/**/favicon.ico] onto handler of type [class org.springframework.web.servlet.resource.ResourceHttpRequestHandler]
2019-07-09 21:33:47 | [34mINFO [0;39m | [1;33mmain[0;39m | [1;32morg.springframework.jmx.export.annotation.AnnotationMBeanExporter[0;39m | Registering beans for JMX exposure on startup
2019-07-09 21:33:47 | [34mINFO [0;39m | [1;33mmain[0;39m | [1;32morg.apache.coyote.http11.Http11NioProtocol[0;39m | Starting ProtocolHandler ["http-nio-9090"]
2019-07-09 21:33:47 | [34mINFO [0;39m | [1;33mmain[0;39m | [1;32morg.apache.tomcat.util.net.NioSelectorPool[0;39m | Using a shared selector for servlet write/read
2019-07-09 21:33:47 | [34mINFO [0;39m | [1;33mmain[0;39m | [1;32morg.springframework.boot.context.embedded.tomcat.TomcatEmbeddedServletContainer[0;39m | Tomcat started on port(s): 9090 (http)
2019-07-09 21:33:47 | [34mINFO [0;39m | [1;33mmain[0;39m | [1;32mcom.jingchen.springboot.springbootstart.Application[0;39m | Started Application in 4.179 seconds (JVM running for 5.188)
2019-07-09 21:33:48 | [34mINFO [0;39m | [1;33mhttp-nio-9090-exec-1[0;39m | [1;32morg.apache.catalina.core.ContainerBase.[Tomcat].[localhost].[/][0;39m | Initializing Spring FrameworkServlet 'dispatcherServlet'
2019-07-09 21:33:48 | [34mINFO [0;39m | [1;33mhttp-nio-9090-exec-1[0;39m | [1;32morg.springframework.web.servlet.DispatcherServlet[0;39m | FrameworkServlet 'dispatcherServlet': initialization started
2019-07-09 21:33:48 | [34mINFO [0;39m | [1;33mhttp-nio-9090-exec-1[0;39m | [1;32morg.springframework.web.servlet.DispatcherServlet[0;39m | FrameworkServlet 'dispatcherServlet': initialization completed in 51 ms
2019-07-09 21:38:26 | [34mINFO [0;39m | [1;33mmain[0;39m | [1;32mcom.jingchen.springboot.springbootstart.Application[0;39m | Starting Application on IT74-D-V74570C1 with PID 3140 (D:\project\og\springboot1\springboot-start\target\classes started by jingchen.lhy in D:\project\og\springboot1\springboot-start)
2019-07-09 21:38:26 | [34mINFO [0;39m | [1;33mmain[0;39m | [1;32mcom.jingchen.springboot.springbootstart.Application[0;39m | The following profiles are active: dev
2019-07-09 21:38:26 | [34mINFO [0;39m | [1;33mbackground-preinit[0;39m | [1;32morg.hibernate.validator.internal.util.Version[0;39m | HV000001: Hibernate Validator 5.3.6.Final
2019-07-09 21:38:27 | [34mINFO [0;39m | [1;33mmain[0;39m | [1;32morg.springframework.boot.context.embedded.AnnotationConfigEmbeddedWebApplicationContext[0;39m | Refreshing org.springframework.boot.context.embedded.AnnotationConfigEmbeddedWebApplicationContext@71b1176b: startup date [Tue Jul 09 21:38:27 CST 2019]; root of context hierarchy
2019-07-09 21:38:28 | [34mINFO [0;39m | [1;33mmain[0;39m | [1;32morg.springframework.boot.context.embedded.tomcat.TomcatEmbeddedServletContainer[0;39m | Tomcat initialized with port(s): 9090 (http)
2019-07-09 21:38:28 | [34mINFO [0;39m | [1;33mmain[0;39m | [1;32morg.apache.coyote.http11.Http11NioProtocol[0;39m | Initializing ProtocolHandler ["http-nio-9090"]
2019-07-09 21:38:28 | [34mINFO [0;39m | [1;33mmain[0;39m | [1;32morg.apache.catalina.core.StandardService[0;39m | Starting service [Tomcat]
2019-07-09 21:38:28 | [34mINFO [0;39m | [1;33mmain[0;39m | [1;32morg.apache.catalina.core.StandardEngine[0;39m | Starting Servlet Engine: Apache Tomcat/8.5.40
2019-07-09 21:38:29 | [34mINFO [0;39m | [1;33mlocalhost-startStop-1[0;39m | [1;32morg.apache.catalina.core.ContainerBase.[Tomcat].[localhost].[/][0;39m | Initializing Spring embedded WebApplicationContext
2019-07-09 21:38:29 | [34mINFO [0;39m | [1;33mlocalhost-startStop-1[0;39m | [1;32morg.springframework.web.context.ContextLoader[0;39m | Root WebApplicationContext: initialization completed in 1225 ms
2019-07-09 21:38:29 | [34mINFO [0;39m | [1;33mlocalhost-startStop-1[0;39m | [1;32morg.springframework.boot.web.servlet.ServletRegistrationBean[0;39m | Mapping servlet: 'dispatcherServlet' to [/]
2019-07-09 21:38:29 | [34mINFO [0;39m | [1;33mlocalhost-startStop-1[0;39m | [1;32morg.springframework.boot.web.servlet.FilterRegistrationBean[0;39m | Mapping filter: 'characterEncodingFilter' to: [/*]
2019-07-09 21:38:29 | [34mINFO [0;39m | [1;33mlocalhost-startStop-1[0;39m | [1;32morg.springframework.boot.web.servlet.FilterRegistrationBean[0;39m | Mapping filter: 'hiddenHttpMethodFilter' to: [/*]
2019-07-09 21:38:29 | [34mINFO [0;39m | [1;33mlocalhost-startStop-1[0;39m | [1;32morg.springframework.boot.web.servlet.FilterRegistrationBean[0;39m | Mapping filter: 'httpPutFormContentFilter' to: [/*]
2019-07-09 21:38:29 | [34mINFO [0;39m | [1;33mlocalhost-startStop-1[0;39m | [1;32morg.springframework.boot.web.servlet.FilterRegistrationBean[0;39m | Mapping filter: 'requestContextFilter' to: [/*]
2019-07-09 21:38:29 | [34mINFO [0;39m | [1;33mmain[0;39m | [1;32morg.springframework.web.servlet.mvc.method.annotation.RequestMappingHandlerAdapter[0;39m | Looking for @ControllerAdvice: org.springframework.boot.context.embedded.AnnotationConfigEmbeddedWebApplicationContext@71b1176b: startup date [Tue Jul 09 21:38:27 CST 2019]; root of context hierarchy
2019-07-09 21:38:29 | [34mINFO [0;39m | [1;33mmain[0;39m | [1;32morg.springframework.web.servlet.mvc.method.annotation.RequestMappingHandlerMapping[0;39m | Mapped "{[/]}" onto public java.lang.String com.jingchen.springboot.springbootstart.controller.HelloController.index(org.springframework.web.servlet.ModelAndView)
2019-07-09 21:38:29 | [34mINFO [0;39m | [1;33mmain[0;39m | [1;32morg.springframework.web.servlet.mvc.method.annotation.RequestMappingHandlerMapping[0;39m | Mapped "{[/somepage]}" onto public java.lang.String com.jingchen.springboot.springbootstart.controller.HelloController.getSomePage(org.springframework.web.servlet.ModelAndView)
2019-07-09 21:38:29 | [34mINFO [0;39m | [1;33mmain[0;39m | [1;32morg.springframework.web.servlet.mvc.method.annotation.RequestMappingHandlerMapping[0;39m | Mapped "{[/tryException]}" onto public java.lang.String com.jingchen.springboot.springbootstart.controller.HelloController.tryException() throws java.lang.Exception
2019-07-09 21:38:29 | [34mINFO [0;39m | [1;33mmain[0;39m | [1;32morg.springframework.web.servlet.mvc.method.annotation.RequestMappingHandlerMapping[0;39m | Mapped "{[/hello]}" onto public com.jingchen.springboot.springbootstart.controller.HelloController$Greeting com.jingchen.springboot.springbootstart.controller.HelloController.sayHello(java.lang.String)
2019-07-09 21:38:29 | [34mINFO [0;39m | [1;33mmain[0;39m | [1;32morg.springframework.web.servlet.mvc.method.annotation.RequestMappingHandlerMapping[0;39m | Mapped "{[/user/add]}" onto public com.jingchen.springboot.springbootstart.common.ServerResponse com.jingchen.springboot.springbootstart.controller.UserController.addUser(com.jingchen.springboot.springbootstart.dataobject.User) throws java.lang.Exception
2019-07-09 21:38:29 | [34mINFO [0;39m | [1;33mmain[0;39m | [1;32morg.springframework.web.servlet.mvc.method.annotation.RequestMappingHandlerMapping[0;39m | Mapped "{[/error]}" onto public org.springframework.http.ResponseEntity<java.util.Map<java.lang.String, java.lang.Object>> org.springframework.boot.autoconfigure.web.BasicErrorController.error(javax.servlet.http.HttpServletRequest)
2019-07-09 21:38:29 | [34mINFO [0;39m | [1;33mmain[0;39m | [1;32morg.springframework.web.servlet.mvc.method.annotation.RequestMappingHandlerMapping[0;39m | Mapped "{[/error],produces=[text/html]}" onto public org.springframework.web.servlet.ModelAndView org.springframework.boot.autoconfigure.web.BasicErrorController.errorHtml(javax.servlet.http.HttpServletRequest,javax.servlet.http.HttpServletResponse)
2019-07-09 21:38:29 | [34mINFO [0;39m | [1;33mmain[0;39m | [1;32morg.springframework.web.servlet.handler.SimpleUrlHandlerMapping[0;39m | Mapped URL path [/webjars/**] onto handler of type [class org.springframework.web.servlet.resource.ResourceHttpRequestHandler]
2019-07-09 21:38:29 | [34mINFO [0;39m | [1;33mmain[0;39m | [1;32morg.springframework.web.servlet.handler.SimpleUrlHandlerMapping[0;39m | Mapped URL path [/**] onto handler of type [class org.springframework.web.servlet.resource.ResourceHttpRequestHandler]
2019-07-09 21:38:29 | [34mINFO [0;39m | [1;33mmain[0;39m | [1;32morg.springframework.web.servlet.mvc.method.annotation.ExceptionHandlerExceptionResolver[0;39m | Detected @ExceptionHandler methods in globalExceptionHandler
2019-07-09 21:38:29 | [34mINFO [0;39m | [1;33mmain[0;39m | [1;32morg.springframework.web.servlet.handler.SimpleUrlHandlerMapping[0;39m | Mapped URL path [/**/favicon.ico] onto handler of type [class org.springframework.web.servlet.resource.ResourceHttpRequestHandler]
2019-07-09 21:38:30 | [34mINFO [0;39m | [1;33mmain[0;39m | [1;32morg.springframework.jmx.export.annotation.AnnotationMBeanExporter[0;39m | Registering beans for JMX exposure on startup
2019-07-09 21:38:30 | [34mINFO [0;39m | [1;33mmain[0;39m | [1;32morg.apache.coyote.http11.Http11NioProtocol[0;39m | Starting ProtocolHandler ["http-nio-9090"]
2019-07-09 21:38:30 | [34mINFO [0;39m | [1;33mmain[0;39m | [1;32morg.apache.tomcat.util.net.NioSelectorPool[0;39m | Using a shared selector for servlet write/read
2019-07-09 21:38:30 | [34mINFO [0;39m | [1;33mmain[0;39m | [1;32morg.springframework.boot.context.embedded.tomcat.TomcatEmbeddedServletContainer[0;39m | Tomcat started on port(s): 9090 (http)
2019-07-09 21:38:30 | [34mINFO [0;39m | [1;33mmain[0;39m | [1;32mcom.jingchen.springboot.springbootstart.Application[0;39m | Started Application in 4.166 seconds (JVM running for 5.126)
2019-07-09 21:38:45 | [34mINFO [0;39m | [1;33mhttp-nio-9090-exec-1[0;39m | [1;32morg.apache.catalina.core.ContainerBase.[Tomcat].[localhost].[/][0;39m | Initializing Spring FrameworkServlet 'dispatcherServlet'
2019-07-09 21:38:45 | [34mINFO [0;39m | [1;33mhttp-nio-9090-exec-1[0;39m | [1;32morg.springframework.web.servlet.DispatcherServlet[0;39m | FrameworkServlet 'dispatcherServlet': initialization started
2019-07-09 21:38:45 | [34mINFO [0;39m | [1;33mhttp-nio-9090-exec-1[0;39m | [1;32morg.springframework.web.servlet.DispatcherServlet[0;39m | FrameworkServlet 'dispatcherServlet': initialization completed in 55 ms
